<?xml version="1.0" encoding="UTF-8"?>
<!-- Generated by org.testng.reporters.JUnitReportReporter -->
<testsuite name="com.qa.hubspot.tests.LoginPageWithoutPageFactoryTest" tests="1" time="19.573" ignored="0" failures="0" timestamp="28 Oct 2019 08:30:28 GMT" skipped="0" hostname="LAPTOP-L9U3TNVC" errors="0">
  <testcase name="verifySignUpLinkTest" time="19.573" classname="com.qa.hubspot.tests.LoginPageWithoutPageFactoryTest"/>
</testsuite> <!-- com.qa.hubspot.tests.LoginPageWithoutPageFactoryTest -->
