<?xml version="1.0" encoding="UTF-8"?>
<!-- Generated by org.testng.reporters.JUnitReportReporter -->
<testsuite hostname="LAPTOP-L9U3TNVC" name="com.qa.hubspot.tests.LoginPageTest" tests="3" failures="0" timestamp="2 Feb 2020 12:07:38 GMT" time="55.949" errors="0">
  <testcase name="verifyLoginPageTitleTest" time="17.939" classname="com.qa.hubspot.tests.LoginPageTest"/>
  <testcase name="verifySignUpLinkTest" time="13.372" classname="com.qa.hubspot.tests.LoginPageTest"/>
  <testcase name="loginTestWithCorrectCredentilsTest" time="24.638" classname="com.qa.hubspot.tests.LoginPageTest"/>
</testsuite> <!-- com.qa.hubspot.tests.LoginPageTest -->
