<?xml version="1.0" encoding="UTF-8"?>
<!-- Generated by org.testng.reporters.JUnitReportReporter -->
<testsuite hostname="LAPTOP-L9U3TNVC" name="com.qa.hubspot.tests.HomePageTest" tests="2" failures="0" timestamp="12 Feb 2020 02:26:39 GMT" time="51.791" errors="0">
  <testcase name="verifyHomePageHeaderTest" time="27.311" classname="com.qa.hubspot.tests.HomePageTest"/>
  <testcase name="verifyHomePageTitleTest" time="24.480" classname="com.qa.hubspot.tests.HomePageTest"/>
</testsuite> <!-- com.qa.hubspot.tests.HomePageTest -->
