<?xml version="1.0" encoding="UTF-8"?>
<!-- Generated by org.testng.reporters.JUnitReportReporter -->
<testsuite hostname="LAPTOP-L9U3TNVC" name="com.qa.hubspot.tests.TestingExcelData" tests="1" failures="0" timestamp="1 Dec 2019 02:24:10 GMT" time="1.611" errors="0">
  <testcase name="inputData" time="1.611" classname="com.qa.hubspot.tests.TestingExcelData"/>
</testsuite> <!-- com.qa.hubspot.tests.TestingExcelData -->
